<?xml version="1.0" encoding="UTF-8"?>
<!-- Generated by org.testng.reporters.JUnitReportReporter -->
<testsuite hostname="DESKTOP-R1AHGNB" failures="0" tests="1" name="testPackage.Test1" time="0.026" errors="0" timestamp="07 Sep 2025 04:39:03 GMT" skipped="0">
  <testcase classname="testPackage.Test1" name="a" time="0.026"/>
</testsuite> <!-- testPackage.Test1 -->
